producer_class	xtools.gsea.GseaPreranked
producer_timestamp	1617678676174
param	rpt_label	my_analysis
param	rnd_seed	timestamp
param	set_min	15
param	chip	ftp.broadinstitute.org://pub/gsea/annotations_versioned/Human_AFFY_HG_U133_MSigDB.v7.4.chip
param	zip_report	false
param	create_svgs	false
param	scoring_scheme	weighted
param	rnk	D:\BCB420\SevereRank.rnk
param	norm	meandiv
param	out	C:\Users\George-Razer2\Desktop
param	mode	Max_probe
param	include_only_symbols	true
param	help	false
param	set_max	200
param	gmx	D:\BCB420\Human_GOBP_AllPathways_no_GO_iea_March_01_2021_symbol.gmt
param	make_sets	true
param	plot_top_x	20
param	gui	false
param	nperm	100
param	collapse	No_Collapse

file	C:\Users\George-Razer2\Desktop\my_analysis.GseaPreranked.1617678676174\index.html
